#! /c/Source/iverilog-install/bin/vvp
:ivl_version "12.0 (devel)" "(s20150603-1110-g18392a46)";
:ivl_delay_selection "TYPICAL";
:vpi_time_precision + 0;
:vpi_module "C:\iverilog\lib\ivl\system.vpi";
:vpi_module "C:\iverilog\lib\ivl\vhdl_sys.vpi";
:vpi_module "C:\iverilog\lib\ivl\vhdl_textio.vpi";
:vpi_module "C:\iverilog\lib\ivl\v2005_math.vpi";
:vpi_module "C:\iverilog\lib\ivl\va_math.vpi";
S_00000227101264d0 .scope module, "iir_tb" "iir_tb" 2 21;
 .timescale 0 0;
v00000227100ed010_0 .var "clk", 0 0;
v0000022710133780_0 .var/s "data_in", 7 0;
v0000022710133820_0 .net/s "data_out", 17 0, L_00000227100e6f40;  1 drivers
S_00000227100ecc00 .scope module, "dut" "iir" 2 26, 2 1 0, S_00000227101264d0;
 .timescale 0 0;
    .port_info 0 /INPUT 8 "data_in";
    .port_info 1 /OUTPUT 18 "data_out";
    .port_info 2 /INPUT 1 "clk";
L_00000227100e6f40 .functor BUFZ 18, v00000227100eced0_0, C4<000000000000000000>, C4<000000000000000000>, C4<000000000000000000>;
v00000227100e6b90_0 .net "clk", 0 0, v00000227100ed010_0;  1 drivers
v00000227100e6770_0 .net/s "data_in", 7 0, v0000022710133780_0;  1 drivers
v00000227101262f0_0 .net/s "data_out", 17 0, L_00000227100e6f40;  alias, 1 drivers
v00000227100ecd90_0 .var/s "kx", 7 0;
v00000227100ece30_0 .var/s "ky", 7 0;
v00000227100eced0_0 .var/s "res", 17 0;
v00000227100ecf70_0 .var/s "temp", 17 0;
E_00000227100eb870 .event posedge, v00000227100e6b90_0;
    .scope S_00000227100ecc00;
T_0 ;
    %pushi/vec4 0, 0, 18;
    %store/vec4 v00000227100eced0_0, 0, 18;
    %pushi/vec4 0, 0, 18;
    %store/vec4 v00000227100ecf70_0, 0, 18;
    %pushi/vec4 5, 0, 8;
    %store/vec4 v00000227100ecd90_0, 0, 8;
    %pushi/vec4 1, 0, 8;
    %store/vec4 v00000227100ece30_0, 0, 8;
    %end;
    .thread T_0;
    .scope S_00000227100ecc00;
T_1 ;
    %wait E_00000227100eb870;
    %load/vec4 v00000227100e6770_0;
    %pad/s 18;
    %load/vec4 v00000227100ecd90_0;
    %pad/s 18;
    %mul;
    %assign/vec4 v00000227100ecf70_0, 0;
    %load/vec4 v00000227100ecf70_0;
    %load/vec4 v00000227101262f0_0;
    %load/vec4 v00000227100ece30_0;
    %pad/s 18;
    %mul;
    %sub;
    %assign/vec4 v00000227100eced0_0, 0;
    %jmp T_1;
    .thread T_1;
    .scope S_00000227101264d0;
T_2 ;
    %vpi_call 2 33 "$dumpfile", "iir.vcd" {0 0 0};
    %vpi_call 2 34 "$dumpvars", 32'sb00000000000000000000000000000000, S_00000227101264d0 {0 0 0};
    %pushi/vec4 0, 0, 1;
    %store/vec4 v00000227100ed010_0, 0, 1;
T_2.0 ;
    %delay 5, 0;
    %load/vec4 v00000227100ed010_0;
    %inv;
    %store/vec4 v00000227100ed010_0, 0, 1;
    %jmp T_2.0;
    %end;
    .thread T_2;
    .scope S_00000227101264d0;
T_3 ;
    %pushi/vec4 246, 0, 8;
    %store/vec4 v0000022710133780_0, 0, 8;
T_3.0 ;
    %load/vec4 v0000022710133780_0;
    %pad/s 32;
    %cmpi/s 10, 0, 32;
    %flag_or 5, 4;
    %jmp/0xz T_3.1, 5;
    %delay 100, 0;
    %load/vec4 v0000022710133780_0;
    %addi 1, 0, 8;
    %store/vec4 v0000022710133780_0, 0, 8;
    %jmp T_3.0;
T_3.1 ;
    %pushi/vec4 0, 0, 8;
    %store/vec4 v0000022710133780_0, 0, 8;
    %delay 100, 0;
    %vpi_call 2 45 "$finish" {0 0 0};
    %end;
    .thread T_3;
# The file index is used to find the file name in the following table.
:file_names 3;
    "N/A";
    "<interactive>";
    "IIR.v";
